********************************************************************************
product = WebSphere Application Server 22.0.0.3, z/OS Connect 03.00.62 (wlp-1.0.62.cl220320220302-1100)
wlp.install.dir = /opt/ibm/wlp/
server.output.dir = /opt/ibm/wlp/output/defaultServer/
java.home = /opt/ibm/java/jre
java.version = 1.8.0_341
java.runtime = Java(TM) SE Runtime Environment (8.0.7.16 - pxa6480sr7fp16-20220830_01(SR7 FP16))
os = Linux (5.10.102.1-microsoft-standard-WSL2; amd64) (en_US)
process = 1@172.21.0.2
Classpath = /opt/ibm/wlp/bin/tools/ws-server.jar:/opt/ibm/wlp/bin/tools/ws-javaagent.jar:/opt/ibm/wlp/bin/tools/ws-javaagent.jar
Java Library path = /opt/ibm/java/jre/lib/amd64/compressedrefs:/opt/ibm/java/jre/lib/amd64:/usr/lib64:/usr/lib
********************************************************************************
[3/15/23 0:07:36:003 UTC] 00000001 com.ibm.ws.kernel.launch.internal.FrameworkManager           A CWWKE0001I: The server defaultServer has been launched.
[3/15/23 0:07:36:500 UTC] 00000023 com.ibm.ws.config.xml.internal.ServerXMLConfiguration        A CWWKG0093A: Processing configuration drop-ins resource: /opt/ibm/wlp/usr/servers/defaultServer/configDropins/defaults/keystore.xml
[3/15/23 0:07:36:508 UTC] 00000023 com.ibm.ws.config.xml.internal.ServerXMLConfiguration        A CWWKG0093A: Processing configuration drop-ins resource: /opt/ibm/wlp/usr/servers/defaultServer/configDropins/overrides/http-ssl-endpoint.xml
[3/15/23 0:07:36:510 UTC] 00000023 com.ibm.ws.config.xml.internal.ServerXMLConfiguration        A CWWKG0093A: Processing configuration drop-ins resource: /opt/ibm/wlp/usr/servers/defaultServer/configDropins/overrides/tls.xml
[3/15/23 0:07:36:602 UTC] 00000001 com.ibm.ws.kernel.launch.internal.FrameworkManager           I CWWKE0002I: The kernel started after 0.697 seconds
[3/15/23 0:07:36:718 UTC] 0000002f com.ibm.ws.kernel.feature.internal.FeatureManager            I CWWKF0007I: Feature update started.
[3/15/23 0:07:38:150 UTC] 00000026 g.apache.cxf.cxf.core.3.2:1.0.62.cl220320220302-1100(id=90)] I Aries Blueprint packages not available. So namespaces will not be registered
[3/15/23 0:07:38:190 UTC] 00000022 com.ibm.ws.security.ready.internal.SecurityReadyServiceImpl  I CWWKS0007I: The security service is starting...
[3/15/23 0:07:38:282 UTC] 00000026 com.ibm.ws.app.manager.internal.monitor.DropinMonitor        A CWWKZ0058I: Monitoring dropins for applications.
[3/15/23 0:07:38:549 UTC] 00000024 com.ibm.ws.cache.ServerCache                                 I DYNA1001I: WebSphere Dynamic Cache instance named baseCache initialized successfully.
[3/15/23 0:07:38:552 UTC] 00000024 com.ibm.ws.cache.ServerCache                                 I DYNA1071I: The cache provider default is being used.
[3/15/23 0:07:38:554 UTC] 00000024 com.ibm.ws.cache.CacheServiceImpl                            I DYNA1056I: Dynamic Cache (object cache) initialized successfully.
[3/15/23 0:07:38:651 UTC] 00000041 com.ibm.ws.security.token.ltpa.LTPAKeyInfoManager            I CWWKS4103I: Creating the LTPA keys. This may take a few seconds.
[3/15/23 0:07:38:697 UTC] 00000022 ibm.ws.security.authentication.internal.jaas.JAASServiceImpl I CWWKS1123I: The collective authentication plugin with class name NullCollectiveAuthenticationPlugin has been activated. 
[3/15/23 0:07:38:885 UTC] 00000041 com.ibm.ws.security.token.ltpa.LTPAKeyInfoManager            A CWWKS4104A: LTPA keys created in 0.234 seconds. LTPA key file: /opt/ibm/wlp/output/defaultServer/resources/security/ltpa.keys
[3/15/23 0:07:38:888 UTC] 00000041 com.ibm.ws.security.token.ltpa.internal.LTPAKeyCreateTask    I CWWKS4105I: LTPA configuration is ready after 0.238 seconds.
[3/15/23 0:07:38:980 UTC] 00000022 com.ibm.ws.session.WASSessionCore                            I SESN8501I: The session manager did not find a persistent storage location; HttpSession objects will be stored in the local application server's memory.
[3/15/23 0:07:39:009 UTC] 0000002b com.ibm.ws.ssl.config.WSKeyStore                             I Successfully loaded default keystore: /opt/ibm/wlp/output/defaultServer/resources/security/key.p12 of type: PKCS12
[3/15/23 0:07:39:066 UTC] 00000022 .microprofile.metrics.internal.monitor.MonitorMetricsHandler I CWPMI2003I: Monitoring metrics can be retrieved through mpMetrics.
[3/15/23 0:07:39:108 UTC] 00000022 com.ibm.ws.security.audit.file.AuditFileHandler              I CWWKS5804I: The audit file handler service is starting.
[3/15/23 0:07:39:111 UTC] 00000022 com.ibm.ws.security.audit.source.AuditServiceImpl            I CWWKS5850I: The audit service is starting.
[3/15/23 0:07:39:113 UTC] 00000022 com.ibm.ws.security.audit.source.AuditServiceImpl            I CWWKS5851I: The audit service is ready.
[3/15/23 0:07:39:117 UTC] 00000022 com.ibm.ws.security.audit.file.AuditFileHandler              I CWWKS5805I: The audit file handler service is ready.
[3/15/23 0:07:39:444 UTC] 00000041 com.ibm.ws.app.manager.AppMessageHelper                      I CWWKZ0018I: Starting application zosconnect-ui.
[3/15/23 0:07:39:445 UTC] 00000031 com.ibm.ws.app.manager.AppMessageHelper                      I CWWKZ0018I: Starting application zosconnect-ui-backend.
[3/15/23 0:07:39:444 UTC] 00000044 com.ibm.ws.app.manager.AppMessageHelper                      I CWWKZ0018I: Starting application zosconnect-ui-backend-cics.
[3/15/23 0:07:39:444 UTC] 00000033 com.ibm.ws.app.manager.AppMessageHelper                      I CWWKZ0018I: Starting application zosconnect-ui-backend-db2.
[3/15/23 0:07:39:447 UTC] 00000033 bm.ws.app.manager.war.internal.WARDeployedAppInfoFactoryImpl I CWWKZ0133I: The zosconnect-ui-backend-db2 application at the /opt/ibm/zosconnect/lib/com.ibm.zosconnect.ui.backend.db2.war location is being expanded to the /opt/ibm/wlp/usr/servers/defaultServer/apps/expanded/zosconnect-ui-backend-db2.war directory.
[3/15/23 0:07:39:447 UTC] 00000041 bm.ws.app.manager.war.internal.WARDeployedAppInfoFactoryImpl I CWWKZ0133I: The zosconnect-ui application at the /opt/ibm/zosconnect/lib/com.ibm.zosconnect.ui.war location is being expanded to the /opt/ibm/wlp/usr/servers/defaultServer/apps/expanded/zosconnect-ui.war directory.
[3/15/23 0:07:39:447 UTC] 00000031 bm.ws.app.manager.war.internal.WARDeployedAppInfoFactoryImpl I CWWKZ0133I: The zosconnect-ui-backend application at the /opt/ibm/zosconnect/lib/com.ibm.zosconnect.ui.backend.war location is being expanded to the /opt/ibm/wlp/usr/servers/defaultServer/apps/expanded/zosconnect-ui-backend.war directory.
[3/15/23 0:07:39:447 UTC] 00000044 bm.ws.app.manager.war.internal.WARDeployedAppInfoFactoryImpl I CWWKZ0133I: The zosconnect-ui-backend-cics application at the /opt/ibm/zosconnect/lib/com.ibm.zosconnect.ui.backend.cics.war location is being expanded to the /opt/ibm/wlp/usr/servers/defaultServer/apps/expanded/zosconnect-ui-backend-cics.war directory.
[3/15/23 0:07:39:690 UTC] 00000040 com.ibm.ws.webcontainer.osgi.webapp.WebGroup                 I SRVE0169I: Loading Web Module: PublicOpenAPIServlet.
[3/15/23 0:07:39:690 UTC] 00000039 com.ibm.ws.webcontainer.osgi.webapp.WebGroup                 I SRVE0169I: Loading Web Module: ibm/api.
[3/15/23 0:07:39:689 UTC] 0000003a com.ibm.ws.webcontainer.osgi.webapp.WebGroup                 I SRVE0169I: Loading Web Module: PrivateMicroProfileMetrics.
[3/15/23 0:07:39:691 UTC] 0000003f com.ibm.ws.webcontainer.osgi.webapp.WebGroup                 I SRVE0169I: Loading Web Module: health.
[3/15/23 0:07:39:689 UTC] 00000042 com.ibm.ws.webcontainer.osgi.webapp.WebGroup                 I SRVE0169I: Loading Web Module: OpenAPIUI.
[3/15/23 0:07:39:693 UTC] 00000040 com.ibm.ws.webcontainer                                      I SRVE0250I: Web Module PublicOpenAPIServlet has been bound to default_host.
[3/15/23 0:07:39:693 UTC] 00000039 com.ibm.ws.webcontainer                                      I SRVE0250I: Web Module ibm/api has been bound to default_host.
[3/15/23 0:07:39:694 UTC] 0000003a com.ibm.ws.webcontainer                                      I SRVE0250I: Web Module PrivateMicroProfileMetrics has been bound to default_host.
[3/15/23 0:07:39:694 UTC] 0000003f com.ibm.ws.webcontainer                                      I SRVE0250I: Web Module health has been bound to default_host.
[3/15/23 0:07:39:694 UTC] 00000042 com.ibm.ws.webcontainer                                      I SRVE0250I: Web Module OpenAPIUI has been bound to default_host.
[3/15/23 0:07:39:695 UTC] 00000040 com.ibm.ws.http.internal.VirtualHostImpl                     A CWWKT0016I: Web application available (default_host): http://a1c20b5dd17d:9080/api/docs/
[3/15/23 0:07:39:835 UTC] 00000041 org.jboss.weld.Version                                       I WELD-000900: 3.1.8 (Final)
[3/15/23 0:07:39:850 UTC] 0000003a com.ibm.ws.http.internal.VirtualHostImpl                     A CWWKT0016I: Web application available (default_host): http://a1c20b5dd17d:9080/metrics/
[3/15/23 0:07:39:853 UTC] 00000039 com.ibm.ws.http.internal.VirtualHostImpl                     A CWWKT0016I: Web application available (default_host): http://a1c20b5dd17d:9080/ibm/api/
[3/15/23 0:07:39:854 UTC] 00000042 com.ibm.ws.http.internal.VirtualHostImpl                     A CWWKT0016I: Web application available (default_host): http://a1c20b5dd17d:9080/api/explorer/
[3/15/23 0:07:39:857 UTC] 0000003f com.ibm.ws.http.internal.VirtualHostImpl                     A CWWKT0016I: Web application available (default_host): http://a1c20b5dd17d:9080/health/
[3/15/23 0:07:40:091 UTC] 00000040 com.ibm.ws.webcontainer.osgi.mbeans.PluginGenerator          I SRVE9103I: A configuration file for a web server plugin was automatically generated for this server at /opt/ibm/wlp/output/defaultServer/logs/state/plugin-cfg.xml.
[3/15/23 0:07:40:091 UTC] 00000032 com.ibm.ws.session.WASSessionCore                            I SESN0176I: A new session context will be created for application key default_host/metrics
[3/15/23 0:07:40:091 UTC] 00000038 com.ibm.ws.session.WASSessionCore                            I SESN0176I: A new session context will be created for application key default_host/ibm/api
[3/15/23 0:07:40:091 UTC] 00000034 com.ibm.ws.session.WASSessionCore                            I SESN0176I: A new session context will be created for application key default_host/api/docs
[3/15/23 0:07:40:092 UTC] 0000003a com.ibm.ws.session.WASSessionCore                            I SESN0176I: A new session context will be created for application key default_host/health
[3/15/23 0:07:40:091 UTC] 0000003b com.ibm.ws.session.WASSessionCore                            I SESN0176I: A new session context will be created for application key default_host/api/explorer
[3/15/23 0:07:40:123 UTC] 00000032 com.ibm.ws.util                                              I SESN0172I: The session manager is using the Java default SecureRandom implementation for session ID generation.
[3/15/23 0:07:40:151 UTC] 00000034 com.ibm.ws.util                                              I SESN0172I: The session manager is using the Java default SecureRandom implementation for session ID generation.
[3/15/23 0:07:40:154 UTC] 0000003a com.ibm.ws.util                                              I SESN0172I: The session manager is using the Java default SecureRandom implementation for session ID generation.
[3/15/23 0:07:40:156 UTC] 00000038 com.ibm.ws.util                                              I SESN0172I: The session manager is using the Java default SecureRandom implementation for session ID generation.
[3/15/23 0:07:40:158 UTC] 0000003b com.ibm.ws.util                                              I SESN0172I: The session manager is using the Java default SecureRandom implementation for session ID generation.
[3/15/23 0:07:40:244 UTC] 0000003b com.ibm.ws.cache.CacheServiceImpl                            I DYNA1056I: Dynamic Cache (object cache) initialized successfully.
[3/15/23 0:07:40:403 UTC] 00000032 com.ibm.ws.webcontainer.servlet                              I SRVE0242I: [io.openliberty.microprofile.metrics.internal.private] [/metrics] [PrivateMetricsRESTProxyServlet]: Initialization successful.
[3/15/23 0:07:40:404 UTC] 0000003a com.ibm.ws.webcontainer.servlet                              I SRVE0242I: [io.openliberty.microprofile.health.3.1.internal] [/health] [HealthCheckReadinessServlet]: Initialization successful.
[3/15/23 0:07:40:406 UTC] 0000003a com.ibm.ws.webcontainer.servlet                              I SRVE0242I: [io.openliberty.microprofile.health.3.1.internal] [/health] [HealthCheckServlet]: Initialization successful.
[3/15/23 0:07:40:408 UTC] 0000003a com.ibm.ws.webcontainer.servlet                              I SRVE0242I: [io.openliberty.microprofile.health.3.1.internal] [/health] [HealthCheckStartupServlet]: Initialization successful.
[3/15/23 0:07:40:410 UTC] 0000003a com.ibm.ws.webcontainer.servlet                              I SRVE0242I: [io.openliberty.microprofile.health.3.1.internal] [/health] [HealthCheckLivenessServlet]: Initialization successful.
[3/15/23 0:07:40:431 UTC] 00000041 com.ibm.ws.webcontainer.osgi.webapp.WebGroup                 I SRVE0169I: Loading Web Module: z/OS Connect Designer.
[3/15/23 0:07:40:433 UTC] 00000041 com.ibm.ws.webcontainer                                      I SRVE0250I: Web Module z/OS Connect Designer has been bound to default_host.
[3/15/23 0:07:40:434 UTC] 00000041 com.ibm.ws.http.internal.VirtualHostImpl                     A CWWKT0016I: Web application available (default_host): http://a1c20b5dd17d:9080/zosConnect/designer/
[3/15/23 0:07:40:439 UTC] 00000039 com.ibm.ws.session.WASSessionCore                            I SESN0176I: A new session context will be created for application key default_host/zosConnect/designer
[3/15/23 0:07:40:442 UTC] 00000039 com.ibm.ws.util                                              I SESN0172I: The session manager is using the Java default SecureRandom implementation for session ID generation.
[3/15/23 0:07:40:457 UTC] 00000039 com.ibm.ws.app.manager.AppMessageHelper                      A CWWKZ0001I: Application zosconnect-ui started in 1.012 seconds.
[3/15/23 0:07:40:476 UTC] 00000042 com.ibm.ws.webcontainer.osgi.mbeans.PluginGenerator          I SRVE9103I: A configuration file for a web server plugin was automatically generated for this server at /opt/ibm/wlp/output/defaultServer/logs/state/plugin-cfg.xml.
[3/15/23 0:07:40:786 UTC] 00000033 org.hibernate.validator.internal.util.Version                I HV000001: Hibernate Validator 6.1.7.Final
[3/15/23 0:07:41:307 UTC] 00000033 com.ibm.ws.webcontainer.osgi.webapp.WebGroup                 I SRVE0169I: Loading Web Module: com.ibm.zosconnect.ui.backend.db2.
[3/15/23 0:07:41:307 UTC] 00000033 com.ibm.ws.webcontainer                                      I SRVE0250I: Web Module com.ibm.zosconnect.ui.backend.db2 has been bound to default_host.
[3/15/23 0:07:41:307 UTC] 00000044 com.ibm.ws.webcontainer.osgi.webapp.WebGroup                 I SRVE0169I: Loading Web Module: com.ibm.zosconnect.ui.backend.cics.
[3/15/23 0:07:41:308 UTC] 00000033 com.ibm.ws.http.internal.VirtualHostImpl                     A CWWKT0016I: Web application available (default_host): http://a1c20b5dd17d:9080/zosConnect/designer/api/zosAssetProvider/db2-1.0/
[3/15/23 0:07:41:308 UTC] 00000044 com.ibm.ws.webcontainer                                      I SRVE0250I: Web Module com.ibm.zosconnect.ui.backend.cics has been bound to default_host.
[3/15/23 0:07:41:309 UTC] 00000044 com.ibm.ws.http.internal.VirtualHostImpl                     A CWWKT0016I: Web application available (default_host): http://a1c20b5dd17d:9080/zosConnect/designer/api/zosAssetProvider/cics-1.0/
[3/15/23 0:07:41:310 UTC] 00000042 com.ibm.ws.session.WASSessionCore                            I SESN0176I: A new session context will be created for application key default_host/zosConnect/designer/api/zosAssetProvider/db2-1.0
[3/15/23 0:07:41:310 UTC] 00000038 com.ibm.ws.session.WASSessionCore                            I SESN0176I: A new session context will be created for application key default_host/zosConnect/designer/api/zosAssetProvider/cics-1.0
[3/15/23 0:07:41:311 UTC] 00000042 com.ibm.ws.util                                              I SESN0172I: The session manager is using the Java default SecureRandom implementation for session ID generation.
[3/15/23 0:07:41:311 UTC] 00000038 com.ibm.ws.util                                              I SESN0172I: The session manager is using the Java default SecureRandom implementation for session ID generation.
[3/15/23 0:07:41:325 UTC] 00000044 com.ibm.ws.webcontainer.osgi.mbeans.PluginGenerator          I SRVE9103I: A configuration file for a web server plugin was automatically generated for this server at /opt/ibm/wlp/output/defaultServer/logs/state/plugin-cfg.xml.
[3/15/23 0:07:41:338 UTC] 00000038 com.ibm.ws.app.manager.AppMessageHelper                      A CWWKZ0001I: Application zosconnect-ui-backend-cics started in 1.894 seconds.
[3/15/23 0:07:41:338 UTC] 00000042 com.ibm.ws.app.manager.AppMessageHelper                      A CWWKZ0001I: Application zosconnect-ui-backend-db2 started in 1.893 seconds.
[3/15/23 0:07:42:820 UTC] 00000031 com.ibm.ws.webcontainer.osgi.webapp.WebGroup                 I SRVE0169I: Loading Web Module: com.ibm.zosconnect.ui.backend.
[3/15/23 0:07:42:821 UTC] 00000031 com.ibm.ws.webcontainer                                      I SRVE0250I: Web Module com.ibm.zosconnect.ui.backend has been bound to default_host.
[3/15/23 0:07:42:822 UTC] 00000031 com.ibm.ws.http.internal.VirtualHostImpl                     A CWWKT0016I: Web application available (default_host): http://a1c20b5dd17d:9080/zosConnect/designer/api/
[3/15/23 0:07:42:823 UTC] 0000003f com.ibm.ws.session.WASSessionCore                            I SESN0176I: A new session context will be created for application key default_host/zosConnect/designer/api
[3/15/23 0:07:42:824 UTC] 0000003f com.ibm.ws.util                                              I SESN0172I: The session manager is using the Java default SecureRandom implementation for session ID generation.
[3/15/23 0:07:42:848 UTC] 0000003b com.ibm.ws.webcontainer.osgi.mbeans.PluginGenerator          I SRVE9103I: A configuration file for a web server plugin was automatically generated for this server at /opt/ibm/wlp/output/defaultServer/logs/state/plugin-cfg.xml.
[3/15/23 0:07:42:851 UTC] 0000003f com.ibm.ws.app.manager.AppMessageHelper                      A CWWKZ0001I: Application zosconnect-ui-backend started in 3.406 seconds.
[3/15/23 0:07:42:882 UTC] 0000005f m.ibm.zosconnect.ui.backend.apiproject.TestApiProjectHandler I BAQW0070E: The API project file build.gradle does not exist in the expected location /workspace/project/build.gradle.
[3/15/23 0:07:42:888 UTC] 0000002f com.ibm.ws.tcpchannel.internal.TCPPort                       I CWWKO0219I: TCP Channel defaultHttpEndpoint has been started and is now listening for requests on host *  (IPv4) port 9080.
[3/15/23 0:07:42:892 UTC] 0000002f com.ibm.ws.tcpchannel.internal.TCPPort                       I CWWKO0219I: TCP Channel defaultHttpEndpoint-ssl has been started and is now listening for requests on host *  (IPv4) port 9443.
[3/15/23 0:07:42:920 UTC] 0000002f com.ibm.ws.kernel.feature.internal.FeatureManager            A CWWKF0015I: The server has the following interim fixes active in the runtime: OLGH20981,PH46072,PH46073,PH47867,PH44666. For a full listing of installed fixes run: productInfo version --ifixes
[3/15/23 0:07:42:922 UTC] 0000002f com.ibm.ws.kernel.feature.internal.FeatureManager            A CWWKF0012I: The server installed the following features: [appSecurity-2.0, audit-1.0, beanValidation-2.0, cdi-2.0, distributedMap-1.0, el-3.0, jaxrs-2.1, jaxrsClient-2.1, jndi-1.0, json-1.0, jsonb-1.0, jsonp-1.1, jsp-2.3, monitor-1.0, mpConfig-2.0, mpHealth-3.1, mpMetrics-3.0, openapi-3.0, servlet-4.0, ssl-1.0, transportSecurity-1.0, zosconnect:cics-1.0, zosconnect:db2-1.0, zosconnect:designer-1.0, zosconnect:zosConnect-3.0].
[3/15/23 0:07:42:923 UTC] 0000002f com.ibm.ws.kernel.feature.internal.FeatureManager            I CWWKF0008I: Feature update completed in 6.321 seconds.
[3/15/23 0:07:42:924 UTC] 0000002f com.ibm.ws.kernel.feature.internal.FeatureManager            A CWWKF0011I: The defaultServer server is ready to run a smarter planet. The defaultServer server started in 7.019 seconds.
[3/15/23 0:07:42:993 UTC] 0000003f g.apache.cxf.cxf.core.3.2:1.0.62.cl220320220302-1100(id=90)] I Setting the server's publish address to be /
[3/15/23 0:07:42:995 UTC] 0000005f m.ibm.zosconnect.ui.backend.apiproject.TestApiProjectHandler I BAQW0071I: Successfully initialized monitoring of API project.
[3/15/23 0:07:43:030 UTC] 0000003f com.ibm.ws.webcontainer.servlet                              I SRVE0242I: [zosconnect-ui-backend] [/zosConnect/designer/api] [com.ibm.zosconnect.ui.backend]: Initialization successful.
[3/15/23 0:07:43:295 UTC] 00000039 com.ibm.ws.config.xml.internal.ConfigRefresher               A CWWKG0016I: Starting server configuration update.
[3/15/23 0:07:43:296 UTC] 00000039 com.ibm.ws.config.xml.internal.ServerXMLConfiguration        A CWWKG0093A: Processing configuration drop-ins resource: /opt/ibm/wlp/usr/servers/defaultServer/configDropins/defaults/keystore.xml
[3/15/23 0:07:43:297 UTC] 00000039 com.ibm.ws.config.xml.internal.ServerXMLConfiguration        A CWWKG0093A: Processing configuration drop-ins resource: /opt/ibm/wlp/usr/servers/defaultServer/configDropins/overrides/cics.xml
[3/15/23 0:07:43:299 UTC] 00000039 com.ibm.ws.config.xml.internal.ServerXMLConfiguration        A CWWKG0093A: Processing configuration drop-ins resource: /opt/ibm/wlp/usr/servers/defaultServer/configDropins/overrides/http-ssl-endpoint.xml
[3/15/23 0:07:43:299 UTC] 00000039 com.ibm.ws.config.xml.internal.ServerXMLConfiguration        A CWWKG0093A: Processing configuration drop-ins resource: /opt/ibm/wlp/usr/servers/defaultServer/configDropins/overrides/tls.xml
[3/15/23 0:07:43:325 UTC] 00000044 com.ibm.ws.kernel.feature.internal.FeatureManager            I CWWKF0007I: Feature update started.
[3/15/23 0:07:43:503 UTC] 00000039 com.ibm.ws.config.xml.internal.ConfigRefresher               A CWWKG0017I: The server configuration was successfully updated in 0.209 seconds.
[3/15/23 0:07:43:505 UTC] 00000044 com.ibm.ws.kernel.feature.internal.FeatureManager            A CWWKF0015I: The server has the following interim fixes active in the runtime: OLGH20981,PH46072,PH46073,PH47867,PH44666. For a full listing of installed fixes run: productInfo version --ifixes
[3/15/23 0:07:43:506 UTC] 00000044 com.ibm.ws.kernel.feature.internal.FeatureManager            A CWWKF0008I: Feature update completed in 0.191 seconds.
[3/15/23 0:07:43:969 UTC] 0000003b oprofile.metrics.internal.monitor.MetricsJaxRsEMCallbackImpl W CWPMI2005W: The MicroProfile Metrics exception mapper detected and is handling an unhandled exception from the JAX-RS application. 
                                                                                                               java.lang.NullPointerException
	at com.ibm.zosconnect.ui.backend.ApiProjectStatusApi.getStatus(ApiProjectStatusApi.java:63)
	at com.ibm.zosconnect.ui.backend.ApiProjectStatusApi$Proxy$_$$_WeldClientProxy.getStatus(Unknown Source)
	at sun.reflect.NativeMethodAccessorImpl.invoke0(Native Method)
	at sun.reflect.NativeMethodAccessorImpl.invoke(NativeMethodAccessorImpl.java:90)
	at sun.reflect.DelegatingMethodAccessorImpl.invoke(DelegatingMethodAccessorImpl.java:55)
	at java.lang.reflect.Method.invoke(Method.java:508)
	at com.ibm.ws.jaxrs20.cdi.component.JaxRsFactoryImplicitBeanCDICustomizer.serviceInvoke(JaxRsFactoryImplicitBeanCDICustomizer.java:350)
	at com.ibm.ws.jaxrs20.server.LibertyJaxRsServerFactoryBean.performInvocation(LibertyJaxRsServerFactoryBean.java:641)
	at com.ibm.ws.jaxrs20.server.LibertyJaxRsInvoker.performInvocation(LibertyJaxRsInvoker.java:160)
	at org.apache.cxf.service.invoker.AbstractInvoker.invoke(AbstractInvoker.java:101)
	at com.ibm.ws.jaxrs20.server.LibertyJaxRsInvoker.invoke(LibertyJaxRsInvoker.java:273)
	at org.apache.cxf.jaxrs.JAXRSInvoker.invoke(JAXRSInvoker.java:213)
	at com.ibm.ws.jaxrs20.server.LibertyJaxRsInvoker.invoke(LibertyJaxRsInvoker.java:444)
	at org.apache.cxf.jaxrs.JAXRSInvoker.invoke(JAXRSInvoker.java:112)
	at org.apache.cxf.interceptor.ServiceInvokerInterceptor$1.run(ServiceInvokerInterceptor.java:59)
	at org.apache.cxf.interceptor.ServiceInvokerInterceptor.handleMessage(ServiceInvokerInterceptor.java:96)
	at org.apache.cxf.phase.PhaseInterceptorChain.doIntercept(PhaseInterceptorChain.java:308)
	at org.apache.cxf.transport.ChainInitiationObserver.onMessage(ChainInitiationObserver.java:123)
	at org.apache.cxf.transport.http.AbstractHTTPDestination.invoke(AbstractHTTPDestination.java:277)
	at com.ibm.ws.jaxrs20.endpoint.AbstractJaxRsWebEndpoint.invoke(AbstractJaxRsWebEndpoint.java:137)
	at com.ibm.websphere.jaxrs.server.IBMRestServlet.handleRequest(IBMRestServlet.java:146)
	at com.ibm.websphere.jaxrs.server.IBMRestServlet.doGet(IBMRestServlet.java:112)
	at javax.servlet.http.HttpServlet.service(HttpServlet.java:686)
	at com.ibm.websphere.jaxrs.server.IBMRestServlet.service(IBMRestServlet.java:96)
	at com.ibm.ws.webcontainer.servlet.ServletWrapper.service(ServletWrapper.java:1258)
	at com.ibm.ws.webcontainer.servlet.ServletWrapper.handleRequest(ServletWrapper.java:746)
	at com.ibm.ws.webcontainer.servlet.ServletWrapper.handleRequest(ServletWrapper.java:443)
	at com.ibm.ws.webcontainer.filter.WebAppFilterManager.invokeFilters(WebAppFilterManager.java:1227)
	at com.ibm.ws.webcontainer.webapp.WebApp.handleRequest(WebApp.java:5049)
	at com.ibm.ws.webcontainer.osgi.DynamicVirtualHost$2.handleRequest(DynamicVirtualHost.java:316)
	at com.ibm.ws.webcontainer.WebContainer.handleRequest(WebContainer.java:1007)
	at com.ibm.ws.webcontainer.osgi.DynamicVirtualHost$2.run(DynamicVirtualHost.java:281)
	at com.ibm.ws.http.dispatcher.internal.channel.HttpDispatcherLink$TaskWrapper.run(HttpDispatcherLink.java:1184)
	at com.ibm.ws.http.dispatcher.internal.channel.HttpDispatcherLink.wrapHandlerAndExecute(HttpDispatcherLink.java:453)
	at com.ibm.ws.http.dispatcher.internal.channel.HttpDispatcherLink.ready(HttpDispatcherLink.java:412)
	at com.ibm.ws.http.channel.internal.inbound.HttpInboundLink.handleDiscrimination(HttpInboundLink.java:566)
	at com.ibm.ws.http.channel.internal.inbound.HttpInboundLink.handleNewRequest(HttpInboundLink.java:500)
	at com.ibm.ws.http.channel.internal.inbound.HttpInboundLink.processRequest(HttpInboundLink.java:360)
	at com.ibm.ws.http.channel.internal.inbound.HttpInboundLink.ready(HttpInboundLink.java:327)
	at com.ibm.ws.tcpchannel.internal.NewConnectionInitialReadCallback.sendToDiscriminators(NewConnectionInitialReadCallback.java:167)
	at com.ibm.ws.tcpchannel.internal.NewConnectionInitialReadCallback.complete(NewConnectionInitialReadCallback.java:75)
	at com.ibm.ws.tcpchannel.internal.WorkQueueManager.requestComplete(WorkQueueManager.java:514)
	at com.ibm.ws.tcpchannel.internal.WorkQueueManager.attemptIO(WorkQueueManager.java:584)
	at com.ibm.ws.tcpchannel.internal.WorkQueueManager.workerRun(WorkQueueManager.java:968)
	at com.ibm.ws.tcpchannel.internal.WorkQueueManager$Worker.run(WorkQueueManager.java:1057)
	at com.ibm.ws.threading.internal.ExecutorServiceImpl$RunnableWrapper.run(ExecutorServiceImpl.java:245)
	at java.util.concurrent.ThreadPoolExecutor.runWorker(ThreadPoolExecutor.java:1160)
	at java.util.concurrent.ThreadPoolExecutor$Worker.run(ThreadPoolExecutor.java:635)
	at java.lang.Thread.run(Thread.java:825)

[3/15/23 0:07:44:831 UTC] 00000039 oprofile.metrics.internal.monitor.MetricsJaxRsEMCallbackImpl W CWPMI2005W: The MicroProfile Metrics exception mapper detected and is handling an unhandled exception from the JAX-RS application. 
                                                                                                               java.lang.NullPointerException
	at com.ibm.zosconnect.ui.backend.ApiProjectStatusApi.getStatus(ApiProjectStatusApi.java:63)
	at com.ibm.zosconnect.ui.backend.ApiProjectStatusApi$Proxy$_$$_WeldClientProxy.getStatus(Unknown Source)
	at sun.reflect.NativeMethodAccessorImpl.invoke0(Native Method)
	at sun.reflect.NativeMethodAccessorImpl.invoke(NativeMethodAccessorImpl.java:90)
	at sun.reflect.DelegatingMethodAccessorImpl.invoke(DelegatingMethodAccessorImpl.java:55)
	at java.lang.reflect.Method.invoke(Method.java:508)
	at com.ibm.ws.jaxrs20.cdi.component.JaxRsFactoryImplicitBeanCDICustomizer.serviceInvoke(JaxRsFactoryImplicitBeanCDICustomizer.java:350)
	at com.ibm.ws.jaxrs20.server.LibertyJaxRsServerFactoryBean.performInvocation(LibertyJaxRsServerFactoryBean.java:641)
	at com.ibm.ws.jaxrs20.server.LibertyJaxRsInvoker.performInvocation(LibertyJaxRsInvoker.java:160)
	at org.apache.cxf.service.invoker.AbstractInvoker.invoke(AbstractInvoker.java:101)
	at com.ibm.ws.jaxrs20.server.LibertyJaxRsInvoker.invoke(LibertyJaxRsInvoker.java:273)
	at org.apache.cxf.jaxrs.JAXRSInvoker.invoke(JAXRSInvoker.java:213)
	at com.ibm.ws.jaxrs20.server.LibertyJaxRsInvoker.invoke(LibertyJaxRsInvoker.java:444)
	at org.apache.cxf.jaxrs.JAXRSInvoker.invoke(JAXRSInvoker.java:112)
	at org.apache.cxf.interceptor.ServiceInvokerInterceptor$1.run(ServiceInvokerInterceptor.java:59)
	at org.apache.cxf.interceptor.ServiceInvokerInterceptor.handleMessage(ServiceInvokerInterceptor.java:96)
	at org.apache.cxf.phase.PhaseInterceptorChain.doIntercept(PhaseInterceptorChain.java:308)
	at org.apache.cxf.transport.ChainInitiationObserver.onMessage(ChainInitiationObserver.java:123)
	at org.apache.cxf.transport.http.AbstractHTTPDestination.invoke(AbstractHTTPDestination.java:277)
	at com.ibm.ws.jaxrs20.endpoint.AbstractJaxRsWebEndpoint.invoke(AbstractJaxRsWebEndpoint.java:137)
	at com.ibm.websphere.jaxrs.server.IBMRestServlet.handleRequest(IBMRestServlet.java:146)
	at com.ibm.websphere.jaxrs.server.IBMRestServlet.doGet(IBMRestServlet.java:112)
	at javax.servlet.http.HttpServlet.service(HttpServlet.java:686)
	at com.ibm.websphere.jaxrs.server.IBMRestServlet.service(IBMRestServlet.java:96)
	at com.ibm.ws.webcontainer.servlet.ServletWrapper.service(ServletWrapper.java:1258)
	at com.ibm.ws.webcontainer.servlet.ServletWrapper.handleRequest(ServletWrapper.java:746)
	at com.ibm.ws.webcontainer.servlet.ServletWrapper.handleRequest(ServletWrapper.java:443)
	at com.ibm.ws.webcontainer.filter.WebAppFilterManager.invokeFilters(WebAppFilterManager.java:1227)
	at com.ibm.ws.webcontainer.filter.WebAppFilterManager.invokeFilters(WebAppFilterManager.java:1011)
	at com.ibm.ws.webcontainer.servlet.CacheServletWrapper.handleRequest(CacheServletWrapper.java:75)
	at com.ibm.ws.webcontainer40.servlet.CacheServletWrapper40.handleRequest(CacheServletWrapper40.java:85)
	at com.ibm.ws.webcontainer.WebContainer.handleRequest(WebContainer.java:938)
	at com.ibm.ws.webcontainer.osgi.DynamicVirtualHost$2.run(DynamicVirtualHost.java:281)
	at com.ibm.ws.http.dispatcher.internal.channel.HttpDispatcherLink$TaskWrapper.run(HttpDispatcherLink.java:1184)
	at com.ibm.ws.http.dispatcher.internal.channel.HttpDispatcherLink.wrapHandlerAndExecute(HttpDispatcherLink.java:453)
	at com.ibm.ws.http.dispatcher.internal.channel.HttpDispatcherLink.ready(HttpDispatcherLink.java:412)
	at com.ibm.ws.http.channel.internal.inbound.HttpInboundLink.handleDiscrimination(HttpInboundLink.java:566)
	at com.ibm.ws.http.channel.internal.inbound.HttpInboundLink.handleNewRequest(HttpInboundLink.java:500)
	at com.ibm.ws.http.channel.internal.inbound.HttpInboundLink.processRequest(HttpInboundLink.java:360)
	at com.ibm.ws.http.channel.internal.inbound.HttpInboundLink.ready(HttpInboundLink.java:327)
	at com.ibm.ws.tcpchannel.internal.NewConnectionInitialReadCallback.sendToDiscriminators(NewConnectionInitialReadCallback.java:167)
	at com.ibm.ws.tcpchannel.internal.NewConnectionInitialReadCallback.complete(NewConnectionInitialReadCallback.java:75)
	at com.ibm.ws.tcpchannel.internal.WorkQueueManager.requestComplete(WorkQueueManager.java:514)
	at com.ibm.ws.tcpchannel.internal.WorkQueueManager.attemptIO(WorkQueueManager.java:584)
	at com.ibm.ws.tcpchannel.internal.WorkQueueManager.workerRun(WorkQueueManager.java:968)
	at com.ibm.ws.tcpchannel.internal.WorkQueueManager$Worker.run(WorkQueueManager.java:1057)
	at com.ibm.ws.threading.internal.ExecutorServiceImpl$RunnableWrapper.run(ExecutorServiceImpl.java:245)
	at java.util.concurrent.ThreadPoolExecutor.runWorker(ThreadPoolExecutor.java:1160)
	at java.util.concurrent.ThreadPoolExecutor$Worker.run(ThreadPoolExecutor.java:635)
	at java.lang.Thread.run(Thread.java:825)

[3/15/23 0:07:45:842 UTC] 00000042 oprofile.metrics.internal.monitor.MetricsJaxRsEMCallbackImpl W CWPMI2005W: The MicroProfile Metrics exception mapper detected and is handling an unhandled exception from the JAX-RS application. 
                                                                                                               java.lang.NullPointerException
	at com.ibm.zosconnect.ui.backend.ApiProjectStatusApi.getStatus(ApiProjectStatusApi.java:63)
	at com.ibm.zosconnect.ui.backend.ApiProjectStatusApi$Proxy$_$$_WeldClientProxy.getStatus(Unknown Source)
	at sun.reflect.NativeMethodAccessorImpl.invoke0(Native Method)
	at sun.reflect.NativeMethodAccessorImpl.invoke(NativeMethodAccessorImpl.java:90)
	at sun.reflect.DelegatingMethodAccessorImpl.invoke(DelegatingMethodAccessorImpl.java:55)
	at java.lang.reflect.Method.invoke(Method.java:508)
	at com.ibm.ws.jaxrs20.cdi.component.JaxRsFactoryImplicitBeanCDICustomizer.serviceInvoke(JaxRsFactoryImplicitBeanCDICustomizer.java:350)
	at com.ibm.ws.jaxrs20.server.LibertyJaxRsServerFactoryBean.performInvocation(LibertyJaxRsServerFactoryBean.java:641)
	at com.ibm.ws.jaxrs20.server.LibertyJaxRsInvoker.performInvocation(LibertyJaxRsInvoker.java:160)
	at org.apache.cxf.service.invoker.AbstractInvoker.invoke(AbstractInvoker.java:101)
	at com.ibm.ws.jaxrs20.server.LibertyJaxRsInvoker.invoke(LibertyJaxRsInvoker.java:273)
	at org.apache.cxf.jaxrs.JAXRSInvoker.invoke(JAXRSInvoker.java:213)
	at com.ibm.ws.jaxrs20.server.LibertyJaxRsInvoker.invoke(LibertyJaxRsInvoker.java:444)
	at org.apache.cxf.jaxrs.JAXRSInvoker.invoke(JAXRSInvoker.java:112)
	at org.apache.cxf.interceptor.ServiceInvokerInterceptor$1.run(ServiceInvokerInterceptor.java:59)
	at org.apache.cxf.interceptor.ServiceInvokerInterceptor.handleMessage(ServiceInvokerInterceptor.java:96)
	at org.apache.cxf.phase.PhaseInterceptorChain.doIntercept(PhaseInterceptorChain.java:308)
	at org.apache.cxf.transport.ChainInitiationObserver.onMessage(ChainInitiationObserver.java:123)
	at org.apache.cxf.transport.http.AbstractHTTPDestination.invoke(AbstractHTTPDestination.java:277)
	at com.ibm.ws.jaxrs20.endpoint.AbstractJaxRsWebEndpoint.invoke(AbstractJaxRsWebEndpoint.java:137)
	at com.ibm.websphere.jaxrs.server.IBMRestServlet.handleRequest(IBMRestServlet.java:146)
	at com.ibm.websphere.jaxrs.server.IBMRestServlet.doGet(IBMRestServlet.java:112)
	at javax.servlet.http.HttpServlet.service(HttpServlet.java:686)
	at com.ibm.websphere.jaxrs.server.IBMRestServlet.service(IBMRestServlet.java:96)
	at com.ibm.ws.webcontainer.servlet.ServletWrapper.service(ServletWrapper.java:1258)
	at com.ibm.ws.webcontainer.servlet.ServletWrapper.handleRequest(ServletWrapper.java:746)
	at com.ibm.ws.webcontainer.servlet.ServletWrapper.handleRequest(ServletWrapper.java:443)
	at com.ibm.ws.webcontainer.filter.WebAppFilterManager.invokeFilters(WebAppFilterManager.java:1227)
	at com.ibm.ws.webcontainer.filter.WebAppFilterManager.invokeFilters(WebAppFilterManager.java:1011)
	at com.ibm.ws.webcontainer.servlet.CacheServletWrapper.handleRequest(CacheServletWrapper.java:75)
	at com.ibm.ws.webcontainer40.servlet.CacheServletWrapper40.handleRequest(CacheServletWrapper40.java:85)
	at com.ibm.ws.webcontainer.WebContainer.handleRequest(WebContainer.java:938)
	at com.ibm.ws.webcontainer.osgi.DynamicVirtualHost$2.run(DynamicVirtualHost.java:281)
	at com.ibm.ws.http.dispatcher.internal.channel.HttpDispatcherLink$TaskWrapper.run(HttpDispatcherLink.java:1184)
	at com.ibm.ws.http.dispatcher.internal.channel.HttpDispatcherLink.wrapHandlerAndExecute(HttpDispatcherLink.java:453)
	at com.ibm.ws.http.dispatcher.internal.channel.HttpDispatcherLink.ready(HttpDispatcherLink.java:412)
	at com.ibm.ws.http.channel.internal.inbound.HttpInboundLink.handleDiscrimination(HttpInboundLink.java:566)
	at com.ibm.ws.http.channel.internal.inbound.HttpInboundLink.handleNewRequest(HttpInboundLink.java:500)
	at com.ibm.ws.http.channel.internal.inbound.HttpInboundLink.processRequest(HttpInboundLink.java:360)
	at com.ibm.ws.http.channel.internal.inbound.HttpInboundLink.ready(HttpInboundLink.java:327)
	at com.ibm.ws.tcpchannel.internal.NewConnectionInitialReadCallback.sendToDiscriminators(NewConnectionInitialReadCallback.java:167)
	at com.ibm.ws.tcpchannel.internal.NewConnectionInitialReadCallback.complete(NewConnectionInitialReadCallback.java:75)
	at com.ibm.ws.tcpchannel.internal.WorkQueueManager.requestComplete(WorkQueueManager.java:514)
	at com.ibm.ws.tcpchannel.internal.WorkQueueManager.attemptIO(WorkQueueManager.java:584)
	at com.ibm.ws.tcpchannel.internal.WorkQueueManager.workerRun(WorkQueueManager.java:968)
	at com.ibm.ws.tcpchannel.internal.WorkQueueManager$Worker.run(WorkQueueManager.java:1057)
	at com.ibm.ws.threading.internal.ExecutorServiceImpl$RunnableWrapper.run(ExecutorServiceImpl.java:245)
	at java.util.concurrent.ThreadPoolExecutor.runWorker(ThreadPoolExecutor.java:1160)
	at java.util.concurrent.ThreadPoolExecutor$Worker.run(ThreadPoolExecutor.java:635)
	at java.lang.Thread.run(Thread.java:825)

[3/15/23 0:07:46:739 UTC] 00000042 com.ibm.ws.webcontainer.servlet                              I SRVE0242I: [zosconnect-ui] [/zosConnect/designer] [DesignerServlet]: Initialization successful.
